2016-12-06 21:32:15,785 [INFO] from play.core.server.NettyServer in play-fork-run-akka.actor.default-dispatcher-2 - Listening for HTTP on /0:0:0:0:0:0:0:0:9000
[34m[INFO][0;39m - [2016-12-06 21:32:23,041] - [com.zaxxer.hikari.HikariDataSource] HikariCP pool db is starting.
[34m[INFO][0;39m - [2016-12-06 21:32:23,738] - [application] DB initialization.................
[1;31m[ERROR][0;39m - [2016-12-06 21:32:24,428] - [application] Error in database initialization 
java.util.NoSuchElementException: Future.filter predicate is not satisfied
	at scala.concurrent.Future$$anonfun$filter$1.apply(Future.scala:280)
	at scala.util.Success$$anonfun$map$1.apply(Try.scala:237)
	at scala.util.Try$.apply(Try.scala:192)
	at scala.util.Success.map(Try.scala:237)
	at scala.concurrent.Future$$anonfun$map$1.apply(Future.scala:237)
	at scala.concurrent.Future$$anonfun$map$1.apply(Future.scala:237)
	at scala.concurrent.impl.CallbackRunnable.run(Promise.scala:32)
	at java.util.concurrent.ForkJoinTask$RunnableExecuteAction.exec(ForkJoinTask.java:1402)
	at java.util.concurrent.ForkJoinTask.doExec(ForkJoinTask.java:289)
	at java.util.concurrent.ForkJoinPool$WorkQueue.runTask(ForkJoinPool.java:1056)
	at java.util.concurrent.ForkJoinPool.runWorker(ForkJoinPool.java:1692)
	at java.util.concurrent.ForkJoinWorkerThread.run(ForkJoinWorkerThread.java:157)
[34m[INFO][0;39m - [2016-12-06 21:32:25,140] - [akka.event.slf4j.Slf4jLogger] Slf4jLogger started
[34m[INFO][0;39m - [2016-12-06 21:32:25,279] - [play.api.Play] Application started (Dev)
[1;31m[ERROR][0;39m - [2016-12-06 21:32:26,919] - [application] 

! @72abimdnc - Internal server error, for (GET) [/municipio/list] ->
 
play.api.http.HttpErrorHandlerExceptions$$anon$1: Execution exception[[PSQLException: ERROR: no existe la relación «municipio»
  Position: 46]]
	at play.api.http.HttpErrorHandlerExceptions$.throwableToUsefulException(HttpErrorHandler.scala:280)
	at play.api.http.DefaultHttpErrorHandler.onServerError(HttpErrorHandler.scala:206)
	at play.api.GlobalSettings$class.onError(GlobalSettings.scala:160)
	at play.api.DefaultGlobal$.onError(GlobalSettings.scala:188)
	at play.api.http.GlobalSettingsHttpErrorHandler.onServerError(HttpErrorHandler.scala:98)
	at play.core.server.netty.PlayRequestHandler$$anonfun$2$$anonfun$apply$1.applyOrElse(PlayRequestHandler.scala:100)
	at play.core.server.netty.PlayRequestHandler$$anonfun$2$$anonfun$apply$1.applyOrElse(PlayRequestHandler.scala:99)
	at scala.concurrent.Future$$anonfun$recoverWith$1.apply(Future.scala:346)
	at scala.concurrent.Future$$anonfun$recoverWith$1.apply(Future.scala:345)
	at scala.concurrent.impl.CallbackRunnable.run(Promise.scala:32)
	at play.api.libs.iteratee.Execution$trampoline$.execute(Execution.scala:70)
	at scala.concurrent.impl.CallbackRunnable.executeWithValue(Promise.scala:40)
	at scala.concurrent.impl.Promise$DefaultPromise.tryComplete(Promise.scala:248)
	at scala.concurrent.Promise$class.complete(Promise.scala:55)
	at scala.concurrent.impl.Promise$DefaultPromise.complete(Promise.scala:153)
	at scala.concurrent.Future$$anonfun$map$1.apply(Future.scala:237)
	at scala.concurrent.Future$$anonfun$map$1.apply(Future.scala:237)
	at scala.concurrent.impl.CallbackRunnable.run(Promise.scala:32)
	at akka.dispatch.BatchingExecutor$AbstractBatch.processBatch(BatchingExecutor.scala:55)
	at akka.dispatch.BatchingExecutor$BlockableBatch$$anonfun$run$1.apply$mcV$sp(BatchingExecutor.scala:91)
	at akka.dispatch.BatchingExecutor$BlockableBatch$$anonfun$run$1.apply(BatchingExecutor.scala:91)
	at akka.dispatch.BatchingExecutor$BlockableBatch$$anonfun$run$1.apply(BatchingExecutor.scala:91)
	at scala.concurrent.BlockContext$.withBlockContext(BlockContext.scala:72)
	at akka.dispatch.BatchingExecutor$BlockableBatch.run(BatchingExecutor.scala:90)
	at akka.dispatch.TaskInvocation.run(AbstractDispatcher.scala:39)
	at akka.dispatch.ForkJoinExecutorConfigurator$AkkaForkJoinTask.exec(AbstractDispatcher.scala:405)
	at scala.concurrent.forkjoin.ForkJoinTask.doExec(ForkJoinTask.java:260)
	at scala.concurrent.forkjoin.ForkJoinPool$WorkQueue.runTask(ForkJoinPool.java:1339)
	at scala.concurrent.forkjoin.ForkJoinPool.runWorker(ForkJoinPool.java:1979)
	at scala.concurrent.forkjoin.ForkJoinWorkerThread.run(ForkJoinWorkerThread.java:107)
Caused by: org.postgresql.util.PSQLException: ERROR: no existe la relación «municipio»
  Position: 46
	at org.postgresql.core.v3.QueryExecutorImpl.receiveErrorResponse(QueryExecutorImpl.java:2182)
	at org.postgresql.core.v3.QueryExecutorImpl.processResults(QueryExecutorImpl.java:1911)
	at org.postgresql.core.v3.QueryExecutorImpl.execute(QueryExecutorImpl.java:173)
	at org.postgresql.jdbc2.AbstractJdbc2Statement.execute(AbstractJdbc2Statement.java:645)
	at org.postgresql.jdbc2.AbstractJdbc2Statement.executeWithFlags(AbstractJdbc2Statement.java:495)
	at org.postgresql.jdbc2.AbstractJdbc2Statement.execute(AbstractJdbc2Statement.java:488)
	at com.zaxxer.hikari.proxy.PreparedStatementProxy.execute(PreparedStatementProxy.java:44)
	at com.zaxxer.hikari.proxy.PreparedStatementJavassistProxy.execute(PreparedStatementJavassistProxy.java)
	at slick.jdbc.StatementInvoker.results(StatementInvoker.scala:39)
	at slick.jdbc.StatementInvoker.iteratorTo(StatementInvoker.scala:22)
	at slick.jdbc.Invoker$class.foreach(Invoker.scala:48)
	at slick.jdbc.StatementInvoker.foreach(StatementInvoker.scala:16)
	at slick.jdbc.StreamingInvokerAction$class.run(StreamingInvokerAction.scala:22)
	at slick.driver.JdbcActionComponent$QueryActionExtensionMethodsImpl$$anon$1.run(JdbcActionComponent.scala:218)
	at slick.driver.JdbcActionComponent$QueryActionExtensionMethodsImpl$$anon$1.run(JdbcActionComponent.scala:218)
	at slick.backend.DatabaseComponent$DatabaseDef$$anon$2.liftedTree1$1(DatabaseComponent.scala:237)
	at slick.backend.DatabaseComponent$DatabaseDef$$anon$2.run(DatabaseComponent.scala:237)
	at java.util.concurrent.ThreadPoolExecutor.runWorker(ThreadPoolExecutor.java:1142)
	at java.util.concurrent.ThreadPoolExecutor$Worker.run(ThreadPoolExecutor.java:617)
	at java.lang.Thread.run(Thread.java:745)
[34m[INFO][0;39m - [2016-12-06 21:32:29,120] - [controllers.UsuarioController] Usu list: List(Usuario(Juan,Perez,mail@mail.com,1234,Some(1)), Usuario(Arnoldo,Matamoros,au@mail.com,1234,Some(2)), Usuario(Pedro,Perez,pmail@mail.com,1234,Some(3)), Usuario(Miguel,Ulloa,mu@mail.com,1234,Some(4)), Usuario(Marcos,Martinez,mm@mail.com,1234,Some(5)))
[34m[INFO][0;39m - [2016-12-06 21:32:45,294] - [controllers.UsuarioController] Usu list: List(Usuario(Juan,Perez,mail@mail.com,1234,Some(1)), Usuario(Arnoldo,Matamoros,au@mail.com,1234,Some(2)), Usuario(Pedro,Perez,pmail@mail.com,1234,Some(3)), Usuario(Miguel,Ulloa,mu@mail.com,1234,Some(4)), Usuario(Marcos,Martinez,mm@mail.com,1234,Some(5)))
[1;31m[ERROR][0;39m - [2016-12-06 21:32:47,081] - [application] 

! @72abinhj0 - Internal server error, for (GET) [/municipio/list] ->
 
play.api.http.HttpErrorHandlerExceptions$$anon$1: Execution exception[[PSQLException: ERROR: no existe la relación «municipio»
  Position: 46]]
	at play.api.http.HttpErrorHandlerExceptions$.throwableToUsefulException(HttpErrorHandler.scala:280)
	at play.api.http.DefaultHttpErrorHandler.onServerError(HttpErrorHandler.scala:206)
	at play.api.GlobalSettings$class.onError(GlobalSettings.scala:160)
	at play.api.DefaultGlobal$.onError(GlobalSettings.scala:188)
	at play.api.http.GlobalSettingsHttpErrorHandler.onServerError(HttpErrorHandler.scala:98)
	at play.core.server.netty.PlayRequestHandler$$anonfun$2$$anonfun$apply$1.applyOrElse(PlayRequestHandler.scala:100)
	at play.core.server.netty.PlayRequestHandler$$anonfun$2$$anonfun$apply$1.applyOrElse(PlayRequestHandler.scala:99)
	at scala.concurrent.Future$$anonfun$recoverWith$1.apply(Future.scala:346)
	at scala.concurrent.Future$$anonfun$recoverWith$1.apply(Future.scala:345)
	at scala.concurrent.impl.CallbackRunnable.run(Promise.scala:32)
	at play.api.libs.iteratee.Execution$trampoline$.execute(Execution.scala:70)
	at scala.concurrent.impl.CallbackRunnable.executeWithValue(Promise.scala:40)
	at scala.concurrent.impl.Promise$DefaultPromise.tryComplete(Promise.scala:248)
	at scala.concurrent.Promise$class.complete(Promise.scala:55)
	at scala.concurrent.impl.Promise$DefaultPromise.complete(Promise.scala:153)
	at scala.concurrent.Future$$anonfun$map$1.apply(Future.scala:237)
	at scala.concurrent.Future$$anonfun$map$1.apply(Future.scala:237)
	at scala.concurrent.impl.CallbackRunnable.run(Promise.scala:32)
	at akka.dispatch.BatchingExecutor$AbstractBatch.processBatch(BatchingExecutor.scala:55)
	at akka.dispatch.BatchingExecutor$BlockableBatch$$anonfun$run$1.apply$mcV$sp(BatchingExecutor.scala:91)
	at akka.dispatch.BatchingExecutor$BlockableBatch$$anonfun$run$1.apply(BatchingExecutor.scala:91)
	at akka.dispatch.BatchingExecutor$BlockableBatch$$anonfun$run$1.apply(BatchingExecutor.scala:91)
	at scala.concurrent.BlockContext$.withBlockContext(BlockContext.scala:72)
	at akka.dispatch.BatchingExecutor$BlockableBatch.run(BatchingExecutor.scala:90)
	at akka.dispatch.TaskInvocation.run(AbstractDispatcher.scala:39)
	at akka.dispatch.ForkJoinExecutorConfigurator$AkkaForkJoinTask.exec(AbstractDispatcher.scala:405)
	at scala.concurrent.forkjoin.ForkJoinTask.doExec(ForkJoinTask.java:260)
	at scala.concurrent.forkjoin.ForkJoinPool$WorkQueue.runTask(ForkJoinPool.java:1339)
	at scala.concurrent.forkjoin.ForkJoinPool.runWorker(ForkJoinPool.java:1979)
	at scala.concurrent.forkjoin.ForkJoinWorkerThread.run(ForkJoinWorkerThread.java:107)
Caused by: org.postgresql.util.PSQLException: ERROR: no existe la relación «municipio»
  Position: 46
	at org.postgresql.core.v3.QueryExecutorImpl.receiveErrorResponse(QueryExecutorImpl.java:2182)
	at org.postgresql.core.v3.QueryExecutorImpl.processResults(QueryExecutorImpl.java:1911)
	at org.postgresql.core.v3.QueryExecutorImpl.execute(QueryExecutorImpl.java:173)
	at org.postgresql.jdbc2.AbstractJdbc2Statement.execute(AbstractJdbc2Statement.java:645)
	at org.postgresql.jdbc2.AbstractJdbc2Statement.executeWithFlags(AbstractJdbc2Statement.java:495)
	at org.postgresql.jdbc2.AbstractJdbc2Statement.execute(AbstractJdbc2Statement.java:488)
	at com.zaxxer.hikari.proxy.PreparedStatementProxy.execute(PreparedStatementProxy.java:44)
	at com.zaxxer.hikari.proxy.PreparedStatementJavassistProxy.execute(PreparedStatementJavassistProxy.java)
	at slick.jdbc.StatementInvoker.results(StatementInvoker.scala:39)
	at slick.jdbc.StatementInvoker.iteratorTo(StatementInvoker.scala:22)
	at slick.jdbc.Invoker$class.foreach(Invoker.scala:48)
	at slick.jdbc.StatementInvoker.foreach(StatementInvoker.scala:16)
	at slick.jdbc.StreamingInvokerAction$class.run(StreamingInvokerAction.scala:22)
	at slick.driver.JdbcActionComponent$QueryActionExtensionMethodsImpl$$anon$1.run(JdbcActionComponent.scala:218)
	at slick.driver.JdbcActionComponent$QueryActionExtensionMethodsImpl$$anon$1.run(JdbcActionComponent.scala:218)
	at slick.backend.DatabaseComponent$DatabaseDef$$anon$2.liftedTree1$1(DatabaseComponent.scala:237)
	at slick.backend.DatabaseComponent$DatabaseDef$$anon$2.run(DatabaseComponent.scala:237)
	at java.util.concurrent.ThreadPoolExecutor.runWorker(ThreadPoolExecutor.java:1142)
	at java.util.concurrent.ThreadPoolExecutor$Worker.run(ThreadPoolExecutor.java:617)
	at java.lang.Thread.run(Thread.java:745)
[34m[INFO][0;39m - [2016-12-06 21:33:00,515] - [controllers.EdanController] Ed list: List(Edan(Luis Alonso Martinez,Concejal,Alcaldia de San Miguel,7689-9090,maer@mail.com,Metrocentro,San Miguel,San Miguel,Desde metrocentro hasta el centro de San Miguel,Parque Guzman,Terremoto,Transitable,Destruido,Sin Daños,Calle antigua a la Union,Calles en mal estado, con grietas,12,1,678,10002,123,Some(2)))
[34m[INFO][0;39m - [2016-12-06 21:35:43,114] - [controllers.EdanController] Edan Json ===> {"municipio":"Perquin","evento":"Huracan","entrevistador":"Henry Rene","cargo":"Concejal","institucion":"Alcaldia de Perquin","telefono":"7899-1212","email":"hg@mail.com","direccion":"Perquin","departamento":"Morazan","zonaevaluada":"Parque central","puntoreferencia":"Alcaldia","vterrestre":"Sin Daños","vaerea":"Sin Daños","vmaritima":"Sin Daños","rutaalterna":"No existe ruta alterna","obstaculos":"Arboles caidos y deslaves.","heridos1":"12","heridos2":"13","albergados":"1000","evacuados":"3456","fallecidos":"12"}
[34m[INFO][0;39m - [2016-12-06 21:50:19,888] - [com.zaxxer.hikari.pool.HikariPool] HikariCP pool db is shutting down.
[34m[INFO][0;39m - [2016-12-06 21:50:20,078] - [com.zaxxer.hikari.HikariDataSource] HikariCP pool db is starting.
[34m[INFO][0;39m - [2016-12-06 21:50:20,149] - [application] DB initialization.................
[1;31m[ERROR][0;39m - [2016-12-06 21:50:20,166] - [application] Error in database initialization 
java.util.NoSuchElementException: Future.filter predicate is not satisfied
	at scala.concurrent.Future$$anonfun$filter$1.apply(Future.scala:280)
	at scala.util.Success$$anonfun$map$1.apply(Try.scala:237)
	at scala.util.Try$.apply(Try.scala:192)
	at scala.util.Success.map(Try.scala:237)
	at scala.concurrent.Future$$anonfun$map$1.apply(Future.scala:237)
	at scala.concurrent.Future$$anonfun$map$1.apply(Future.scala:237)
	at scala.concurrent.impl.CallbackRunnable.run(Promise.scala:32)
	at java.util.concurrent.ForkJoinTask$RunnableExecuteAction.exec(ForkJoinTask.java:1402)
	at java.util.concurrent.ForkJoinTask.doExec(ForkJoinTask.java:289)
	at java.util.concurrent.ForkJoinPool$WorkQueue.runTask(ForkJoinPool.java:1056)
	at java.util.concurrent.ForkJoinPool.runWorker(ForkJoinPool.java:1692)
	at java.util.concurrent.ForkJoinWorkerThread.run(ForkJoinWorkerThread.java:157)
[1;31m[ERROR][0;39m - [2016-12-06 21:50:20,248] - [application] 

! @72abl5fcg - Internal server error, for (GET) [/fedan] ->
 
play.api.db.evolutions.InvalidDatabaseRevision: Database 'default' needs evolution![An SQL script need to be run on your database.]
	at play.api.db.evolutions.ApplicationEvolutions$$anonfun$play$api$db$evolutions$ApplicationEvolutions$$runEvolutions$1.apply$mcV$sp(ApplicationEvolutions.scala:77)
	at play.api.db.evolutions.ApplicationEvolutions.withLock(ApplicationEvolutions.scala:99)
	at play.api.db.evolutions.ApplicationEvolutions.play$api$db$evolutions$ApplicationEvolutions$$runEvolutions(ApplicationEvolutions.scala:49)
	at play.api.db.evolutions.ApplicationEvolutions$$anonfun$start$1.apply(ApplicationEvolutions.scala:42)
	at play.api.db.evolutions.ApplicationEvolutions$$anonfun$start$1.apply(ApplicationEvolutions.scala:42)
	at scala.collection.immutable.Stream.foreach(Stream.scala:594)
	at play.api.db.evolutions.ApplicationEvolutions.start(ApplicationEvolutions.scala:42)
	at play.api.db.evolutions.ApplicationEvolutions.<init>(ApplicationEvolutions.scala:150)
	at play.api.db.evolutions.ApplicationEvolutionsProvider.get$lzycompute(EvolutionsModule.scala:53)
	at play.api.db.evolutions.ApplicationEvolutionsProvider.get(EvolutionsModule.scala:53)
	at play.api.db.evolutions.ApplicationEvolutionsProvider.get(EvolutionsModule.scala:44)
	at com.google.inject.internal.ProviderInternalFactory.provision(ProviderInternalFactory.java:81)
	at com.google.inject.internal.BoundProviderFactory.provision(BoundProviderFactory.java:72)
	at com.google.inject.internal.ProviderInternalFactory.circularGet(ProviderInternalFactory.java:61)
	at com.google.inject.internal.BoundProviderFactory.get(BoundProviderFactory.java:62)
	at com.google.inject.internal.ProviderToInternalFactoryAdapter$1.call(ProviderToInternalFactoryAdapter.java:46)
	at com.google.inject.internal.InjectorImpl.callInContext(InjectorImpl.java:1103)
	at com.google.inject.internal.ProviderToInternalFactoryAdapter.get(ProviderToInternalFactoryAdapter.java:40)
	at com.google.inject.internal.SingletonScope$1.get(SingletonScope.java:145)
	at com.google.inject.internal.InternalFactoryToProviderAdapter.get(InternalFactoryToProviderAdapter.java:41)
	at com.google.inject.internal.InternalInjectorCreator$1.call(InternalInjectorCreator.java:205)
	at com.google.inject.internal.InternalInjectorCreator$1.call(InternalInjectorCreator.java:199)
	at com.google.inject.internal.InjectorImpl.callInContext(InjectorImpl.java:1092)
	at com.google.inject.internal.InternalInjectorCreator.loadEagerSingletons(InternalInjectorCreator.java:199)
	at com.google.inject.internal.InternalInjectorCreator.injectDynamically(InternalInjectorCreator.java:180)
	at com.google.inject.internal.InternalInjectorCreator.build(InternalInjectorCreator.java:110)
	at com.google.inject.Guice.createInjector(Guice.java:96)
	at com.google.inject.Guice.createInjector(Guice.java:84)
	at play.api.inject.guice.GuiceBuilder.injector(GuiceInjectorBuilder.scala:181)
	at play.api.inject.guice.GuiceApplicationBuilder.build(GuiceApplicationBuilder.scala:123)
	at play.api.inject.guice.GuiceApplicationLoader.load(GuiceApplicationLoader.scala:21)
	at play.core.server.DevServerStart$$anonfun$mainDev$1$$anon$1$$anonfun$get$1$$anonfun$apply$1$$anonfun$1$$anonfun$2.apply(DevServerStart.scala:158)
	at play.core.server.DevServerStart$$anonfun$mainDev$1$$anon$1$$anonfun$get$1$$anonfun$apply$1$$anonfun$1$$anonfun$2.apply(DevServerStart.scala:155)
	at play.utils.Threads$.withContextClassLoader(Threads.scala:21)
	at play.core.server.DevServerStart$$anonfun$mainDev$1$$anon$1$$anonfun$get$1$$anonfun$apply$1$$anonfun$1.apply(DevServerStart.scala:155)
	at play.core.server.DevServerStart$$anonfun$mainDev$1$$anon$1$$anonfun$get$1$$anonfun$apply$1$$anonfun$1.apply(DevServerStart.scala:126)
	at scala.Option.map(Option.scala:146)
	at play.core.server.DevServerStart$$anonfun$mainDev$1$$anon$1$$anonfun$get$1$$anonfun$apply$1.apply(DevServerStart.scala:126)
	at play.core.server.DevServerStart$$anonfun$mainDev$1$$anon$1$$anonfun$get$1$$anonfun$apply$1.apply(DevServerStart.scala:124)
	at scala.util.Success.flatMap(Try.scala:231)
	at play.core.server.DevServerStart$$anonfun$mainDev$1$$anon$1$$anonfun$get$1.apply(DevServerStart.scala:124)
	at play.core.server.DevServerStart$$anonfun$mainDev$1$$anon$1$$anonfun$get$1.apply(DevServerStart.scala:116)
	at scala.concurrent.impl.Future$PromiseCompletingRunnable.liftedTree1$1(Future.scala:24)
	at scala.concurrent.impl.Future$PromiseCompletingRunnable.run(Future.scala:24)
	at akka.dispatch.TaskInvocation.run(AbstractDispatcher.scala:39)
	at akka.dispatch.ForkJoinExecutorConfigurator$AkkaForkJoinTask.exec(AbstractDispatcher.scala:405)
	at scala.concurrent.forkjoin.ForkJoinTask.doExec(ForkJoinTask.java:260)
	at scala.concurrent.forkjoin.ForkJoinPool$WorkQueue.runTask(ForkJoinPool.java:1339)
	at scala.concurrent.forkjoin.ForkJoinPool.runWorker(ForkJoinPool.java:1979)
	at scala.concurrent.forkjoin.ForkJoinWorkerThread.run(ForkJoinWorkerThread.java:107)
[34m[INFO][0;39m - [2016-12-06 21:50:26,381] - [com.zaxxer.hikari.HikariDataSource] HikariCP pool db is starting.
[34m[INFO][0;39m - [2016-12-06 21:50:26,408] - [application] DB initialization.................
[1;31m[ERROR][0;39m - [2016-12-06 21:50:26,431] - [application] Error in database initialization 
java.util.NoSuchElementException: Future.filter predicate is not satisfied
	at scala.concurrent.Future$$anonfun$filter$1.apply(Future.scala:280)
	at scala.util.Success$$anonfun$map$1.apply(Try.scala:237)
	at scala.util.Try$.apply(Try.scala:192)
	at scala.util.Success.map(Try.scala:237)
	at scala.concurrent.Future$$anonfun$map$1.apply(Future.scala:237)
	at scala.concurrent.Future$$anonfun$map$1.apply(Future.scala:237)
	at scala.concurrent.impl.CallbackRunnable.run(Promise.scala:32)
	at java.util.concurrent.ForkJoinTask$RunnableExecuteAction.exec(ForkJoinTask.java:1402)
	at java.util.concurrent.ForkJoinTask.doExec(ForkJoinTask.java:289)
	at java.util.concurrent.ForkJoinPool$WorkQueue.runTask(ForkJoinPool.java:1056)
	at java.util.concurrent.ForkJoinPool.runWorker(ForkJoinPool.java:1692)
	at java.util.concurrent.ForkJoinWorkerThread.run(ForkJoinWorkerThread.java:157)
[34m[INFO][0;39m - [2016-12-06 21:50:26,784] - [akka.event.slf4j.Slf4jLogger] Slf4jLogger started
[34m[INFO][0;39m - [2016-12-06 21:50:26,798] - [play.api.Play] Application started (Dev)
[34m[INFO][0;39m - [2016-12-06 21:50:27,147] - [controllers.EdanController] Ed list: List(Edan(Juan,Perez,Alcaldia,7890-1212,mail@mail.com,Calle la joya,San Salvador,San Salvador,Colonia San Mateo,Redondel Masferrer,Huracan,Transitable,Afectado,Destruido,No hay ruta alterna,Hubo un desbordamiento en la unica calle de acceso,12,20,504,2080,3,Some(1)), Edan(Henry,Gutierrez,Alcaldia de SS,7895-1212,fg@mail.com,Calle al volcan,San Salvador,San Salvador,Todo el centro de San Salvador,Alcalia municipal,Terremoto,Transitable,Afectado,Destruido,No hay ruta alterna,Hay grietas en la calle,1,20,5,20,3,Some(2)), Edan(Roger,Nieto,Alcaldia,7890-1211,rn@mail.com,Calla la mascota,San Salvador,San Salvador,Colonia escalon,Redondel Masferrer,Huracan,No Transitable,Afectado,Destruido,No hay ruta alterna,Calles inundadas,2,20,5033,2080,3,Some(3)), Edan(Erick,Bonillas,Alcaldia,7190-1212,eb@mail.com,Calle la joya,San Salvador,San Salvador,Colonia San Mateo,Redondel Masferrer,Huracan,Transitable,Afectado,Destruido,No hay ruta alterna,Hubo un desbordamiento en la unica calle de acceso,12,20,504,2080,3,Some(4)), Edan(Milton,Aragon,Alcaldia,7845-1212,ma@mail.com,Avenida la sultana,San Salvador,San Salvador,Residencial la sultana,Redondel Masferrer,Huracan,Transitable,Afectado,Destruido,No hay ruta alterna,Hubo un desbordamiento en la unica calle de acceso,12,20,54,20,3,Some(5)), Edan(Marcos,Rodriguez,Alcaldia,7890-1612,mr@mail.com,Calle la joya,San Salvador,San Salvador,Colonia San Mateo,Redondel Masferrer,Terremoto,Transitable,Afectado,Destruido,No hay ruta alterna,Hubo un desbordamiento en la unica calle de acceso,12,20,504,200,3,Some(6)), Edan(Luis,Murillo,Alcaldia,7907-1212,lm@mail.com,Calle al volcan,San Salvador,San Salvador,Residencial universitaria,Las 3 torres,Huracan,No Transitable,Afectado,Destruido,No hay ruta alterna,Arboles caidos,12,20,4,20,3,Some(7)), Edan(Jose,Chavez,Alcaldia,7000-1212,jc@mail.com,Calle ilamatepec,Santa Ana,San Ana,Canton el volcan,Falda del volcan,Erupcion,Transitable,Afectado,Destruido,No hay ruta alterna,Cenizas y rocas esparcidas en todo el camino,132,203,5044,20380,39,Some(8)), Edan(Juan,Perez,Alcaldia,7890-1212,mail@mail.com,Calle la joya,San Salvador,San Salvador,Colonia San Mateo,Redondel Masferrer,Huracan,Transitable,Afectado,Destruido,No hay ruta alterna,Hubo un desbordamiento en la unica calle de acceso,12,20,504,2080,3,Some(9)), Edan(Juan,Perez,Alcaldia,7890-1212,maiddl@mail.com,Calle la joya,San Salvador,San Salvador,Colonia San Mateo,Redondel Masferrer,Huracan,Transitable,Afectado,Destruido,No hay ruta alterna,Hubo un desbordamiento en la unica calle de acceso,12,20,504,2080,3,Some(10)), Edan(Henry,Gutierrez,Alcaldia de SS,7895-1212,fgf@mail.com,Calle al volcan,San Salvador,San Salvador,Todo el centro de San Salvador,Alcalia municipal,Terremoto,Transitable,Afectado,Destruido,No hay ruta alterna,Hay grietas en la calle,1,20,5,20,3,Some(11)))
[34m[INFO][0;39m - [2016-12-06 21:54:37,683] - [com.zaxxer.hikari.pool.HikariPool] HikariCP pool db is shutting down.
[34m[INFO][0;39m - [2016-12-06 21:54:37,792] - [com.zaxxer.hikari.HikariDataSource] HikariCP pool db is starting.
[34m[INFO][0;39m - [2016-12-06 21:54:37,815] - [application] DB initialization.................
[1;31m[ERROR][0;39m - [2016-12-06 21:54:37,835] - [application] Error in database initialization 
java.util.NoSuchElementException: Future.filter predicate is not satisfied
	at scala.concurrent.Future$$anonfun$filter$1.apply(Future.scala:280)
	at scala.util.Success$$anonfun$map$1.apply(Try.scala:237)
	at scala.util.Try$.apply(Try.scala:192)
	at scala.util.Success.map(Try.scala:237)
	at scala.concurrent.Future$$anonfun$map$1.apply(Future.scala:237)
	at scala.concurrent.Future$$anonfun$map$1.apply(Future.scala:237)
	at scala.concurrent.impl.CallbackRunnable.run(Promise.scala:32)
	at java.util.concurrent.ForkJoinTask$RunnableExecuteAction.exec(ForkJoinTask.java:1402)
	at java.util.concurrent.ForkJoinTask.doExec(ForkJoinTask.java:289)
	at java.util.concurrent.ForkJoinPool$WorkQueue.runTask(ForkJoinPool.java:1056)
	at java.util.concurrent.ForkJoinPool.runWorker(ForkJoinPool.java:1692)
	at java.util.concurrent.ForkJoinWorkerThread.run(ForkJoinWorkerThread.java:157)
[34m[INFO][0;39m - [2016-12-06 21:54:38,145] - [akka.event.slf4j.Slf4jLogger] Slf4jLogger started
[34m[INFO][0;39m - [2016-12-06 21:54:38,160] - [play.api.Play] Application started (Dev)
[34m[INFO][0;39m - [2016-12-06 21:54:50,359] - [controllers.EdanController] Ed list: List(Edan(Juan,Perez,Alcaldia,7890-1212,mail@mail.com,Calle la joya,San Salvador,San Salvador,Colonia San Mateo,Redondel Masferrer,Huracan,Transitable,Afectado,Destruido,No hay ruta alterna,Hubo un desbordamiento en la unica calle de acceso,12,20,504,2080,3,Some(1)), Edan(Henry,Gutierrez,Alcaldia de SS,7895-1212,fg@mail.com,Calle al volcan,San Salvador,San Salvador,Todo el centro de San Salvador,Alcalia municipal,Terremoto,Transitable,Afectado,Destruido,No hay ruta alterna,Hay grietas en la calle,1,20,5,20,3,Some(2)), Edan(Roger,Nieto,Alcaldia,7890-1211,rn@mail.com,Calla la mascota,San Salvador,San Salvador,Colonia escalon,Redondel Masferrer,Huracan,No Transitable,Afectado,Destruido,No hay ruta alterna,Calles inundadas,2,20,5033,2080,3,Some(3)), Edan(Erick,Bonillas,Alcaldia,7190-1212,eb@mail.com,Calle la joya,San Salvador,San Salvador,Colonia San Mateo,Redondel Masferrer,Huracan,Transitable,Afectado,Destruido,No hay ruta alterna,Hubo un desbordamiento en la unica calle de acceso,12,20,504,2080,3,Some(4)), Edan(Milton,Aragon,Alcaldia,7845-1212,ma@mail.com,Avenida la sultana,San Salvador,San Salvador,Residencial la sultana,Redondel Masferrer,Huracan,Transitable,Afectado,Destruido,No hay ruta alterna,Hubo un desbordamiento en la unica calle de acceso,12,20,54,20,3,Some(5)), Edan(Marcos,Rodriguez,Alcaldia,7890-1612,mr@mail.com,Calle la joya,San Salvador,San Salvador,Colonia San Mateo,Redondel Masferrer,Terremoto,Transitable,Afectado,Destruido,No hay ruta alterna,Hubo un desbordamiento en la unica calle de acceso,12,20,504,200,3,Some(6)), Edan(Luis,Murillo,Alcaldia,7907-1212,lm@mail.com,Calle al volcan,San Salvador,San Salvador,Residencial universitaria,Las 3 torres,Huracan,No Transitable,Afectado,Destruido,No hay ruta alterna,Arboles caidos,12,20,4,20,3,Some(7)), Edan(Jose,Chavez,Alcaldia,7000-1212,jc@mail.com,Calle ilamatepec,Santa Ana,San Ana,Canton el volcan,Falda del volcan,Erupcion,Transitable,Afectado,Destruido,No hay ruta alterna,Cenizas y rocas esparcidas en todo el camino,132,203,5044,20380,39,Some(8)), Edan(Juan,Perez,Alcaldia,7890-1212,mail@mail.com,Calle la joya,San Salvador,San Salvador,Colonia San Mateo,Redondel Masferrer,Huracan,Transitable,Afectado,Destruido,No hay ruta alterna,Hubo un desbordamiento en la unica calle de acceso,12,20,504,2080,3,Some(9)), Edan(Juan,Perez,Alcaldia,7890-1212,maiddl@mail.com,Calle la joya,San Salvador,San Salvador,Colonia San Mateo,Redondel Masferrer,Huracan,Transitable,Afectado,Destruido,No hay ruta alterna,Hubo un desbordamiento en la unica calle de acceso,12,20,504,2080,3,Some(10)), Edan(Henry,Gutierrez,Alcaldia de SS,7895-1212,fgf@mail.com,Calle al volcan,San Salvador,San Salvador,Todo el centro de San Salvador,Alcalia municipal,Terremoto,Transitable,Afectado,Destruido,No hay ruta alterna,Hay grietas en la calle,1,20,5,20,3,Some(11)))
[34m[INFO][0;39m - [2016-12-06 21:55:39,717] - [controllers.EdanController] Ed list: List(Edan(Juan,Perez,Alcaldia,7890-1212,mail@mail.com,Calle la joya,San Salvador,San Salvador,Colonia San Mateo,Redondel Masferrer,Huracan,Transitable,Afectado,Destruido,No hay ruta alterna,Hubo un desbordamiento en la unica calle de acceso,12,20,504,2080,3,Some(1)), Edan(Henry,Gutierrez,Alcaldia de SS,7895-1212,fg@mail.com,Calle al volcan,San Salvador,San Salvador,Todo el centro de San Salvador,Alcalia municipal,Terremoto,Transitable,Afectado,Destruido,No hay ruta alterna,Hay grietas en la calle,1,20,5,20,3,Some(2)), Edan(Roger,Nieto,Alcaldia,7890-1211,rn@mail.com,Calla la mascota,San Salvador,San Salvador,Colonia escalon,Redondel Masferrer,Huracan,No Transitable,Afectado,Destruido,No hay ruta alterna,Calles inundadas,2,20,5033,2080,3,Some(3)), Edan(Erick,Bonillas,Alcaldia,7190-1212,eb@mail.com,Calle la joya,San Salvador,San Salvador,Colonia San Mateo,Redondel Masferrer,Huracan,Transitable,Afectado,Destruido,No hay ruta alterna,Hubo un desbordamiento en la unica calle de acceso,12,20,504,2080,3,Some(4)), Edan(Milton,Aragon,Alcaldia,7845-1212,ma@mail.com,Avenida la sultana,San Salvador,San Salvador,Residencial la sultana,Redondel Masferrer,Huracan,Transitable,Afectado,Destruido,No hay ruta alterna,Hubo un desbordamiento en la unica calle de acceso,12,20,54,20,3,Some(5)), Edan(Marcos,Rodriguez,Alcaldia,7890-1612,mr@mail.com,Calle la joya,San Salvador,San Salvador,Colonia San Mateo,Redondel Masferrer,Terremoto,Transitable,Afectado,Destruido,No hay ruta alterna,Hubo un desbordamiento en la unica calle de acceso,12,20,504,200,3,Some(6)), Edan(Luis,Murillo,Alcaldia,7907-1212,lm@mail.com,Calle al volcan,San Salvador,San Salvador,Residencial universitaria,Las 3 torres,Huracan,No Transitable,Afectado,Destruido,No hay ruta alterna,Arboles caidos,12,20,4,20,3,Some(7)), Edan(Jose,Chavez,Alcaldia,7000-1212,jc@mail.com,Calle ilamatepec,Santa Ana,San Ana,Canton el volcan,Falda del volcan,Erupcion,Transitable,Afectado,Destruido,No hay ruta alterna,Cenizas y rocas esparcidas en todo el camino,132,203,5044,20380,39,Some(8)), Edan(Juan,Perez,Alcaldia,7890-1212,mail@mail.com,Calle la joya,San Salvador,San Salvador,Colonia San Mateo,Redondel Masferrer,Huracan,Transitable,Afectado,Destruido,No hay ruta alterna,Hubo un desbordamiento en la unica calle de acceso,12,20,504,2080,3,Some(9)), Edan(Juan,Perez,Alcaldia,7890-1212,maiddl@mail.com,Calle la joya,San Salvador,San Salvador,Colonia San Mateo,Redondel Masferrer,Huracan,Transitable,Afectado,Destruido,No hay ruta alterna,Hubo un desbordamiento en la unica calle de acceso,12,20,504,2080,3,Some(10)), Edan(Henry,Gutierrez,Alcaldia de SS,7895-1212,fgf@mail.com,Calle al volcan,San Salvador,San Salvador,Todo el centro de San Salvador,Alcalia municipal,Terremoto,Transitable,Afectado,Destruido,No hay ruta alterna,Hay grietas en la calle,1,20,5,20,3,Some(11)))
[34m[INFO][0;39m - [2016-12-06 22:00:50,676] - [com.zaxxer.hikari.pool.HikariPool] HikariCP pool db is shutting down.
